# JRE version: Java(TM) SE Runtime Environment (8.0_25-b18) (build 1.8.0_25-b18)
# Java VM: Java HotSpot(TM) 64-Bit Server VM (25.25-b02 mixed mode windows-amd64 compressed oops)
Heap:
 PSYoungGen      total 237568K, used 54256K [0x00000000d5d80000, 0x00000000e5f00000, 0x0000000100000000)
  eden space 223744K, 18% used [0x00000000d5d80000,0x00000000d8509448,0x00000000e3800000)
  from space 13824K, 99% used [0x00000000e5180000,0x00000000e5ef2e48,0x00000000e5f00000)
  to   space 19456K, 0% used [0x00000000e3900000,0x00000000e3900000,0x00000000e4c00000)
 ParOldGen       total 91136K, used 22857K [0x0000000081800000, 0x0000000087100000, 0x00000000d5d80000)
  object space 91136K, 25% used [0x0000000081800000,0x0000000082e52490,0x0000000087100000)
 Metaspace       used 56039K, capacity 58426K, committed 58624K, reserved 1099776K
  class space    used 7700K, capacity 8108K, committed 8192K, reserved 1048576K
GC Heap History (10 events):
Event: 4.235 GC heap before
{Heap before GC invocations=8 (full 1):
 PSYoungGen      total 117760K, used 117606K [0x00000000d5d80000, 0x00000000ddb80000, 0x0000000100000000)
  eden space 109056K, 100% used [0x00000000d5d80000,0x00000000dc800000,0x00000000dc800000)
  from space 8704K, 98% used [0x00000000dd300000,0x00000000ddb59820,0x00000000ddb80000)
  to   space 9728K, 0% used [0x00000000dc880000,0x00000000dc880000,0x00000000dd200000)
 ParOldGen       total 51712K, used 5064K [0x0000000081800000, 0x0000000084a80000, 0x00000000d5d80000)
  object space 51712K, 9% used [0x0000000081800000,0x0000000081cf22e8,0x0000000084a80000)
 Metaspace       used 29622K, capacity 30880K, committed 31232K, reserved 1077248K
  class space    used 4036K, capacity 4279K, committed 4352K, reserved 1048576K
Event: 4.271 GC heap after
Heap after GC invocations=8 (full 1):
 PSYoungGen      total 119296K, used 9699K [0x00000000d5d80000, 0x00000000e2600000, 0x0000000100000000)
  eden space 109568K, 0% used [0x00000000d5d80000,0x00000000d5d80000,0x00000000dc880000)
  from space 9728K, 99% used [0x00000000dc880000,0x00000000dd1f8d40,0x00000000dd200000)
  to   space 13824K, 0% used [0x00000000e1880000,0x00000000e1880000,0x00000000e2600000)
 ParOldGen       total 51712K, used 10136K [0x0000000081800000, 0x0000000084a80000, 0x00000000d5d80000)
  object space 51712K, 19% used [0x0000000081800000,0x00000000821e6268,0x0000000084a80000)
 Metaspace       used 29622K, capacity 30880K, committed 31232K, reserved 1077248K
  class space    used 4036K, capacity 4279K, committed 4352K, reserved 1048576K
}
Event: 5.409 GC heap before
{Heap before GC invocations=9 (full 1):
 PSYoungGen      total 119296K, used 72635K [0x00000000d5d80000, 0x00000000e2600000, 0x0000000100000000)
  eden space 109568K, 57% used [0x00000000d5d80000,0x00000000d9af6138,0x00000000dc880000)
  from space 9728K, 99% used [0x00000000dc880000,0x00000000dd1f8d40,0x00000000dd200000)
  to   space 13824K, 0% used [0x00000000e1880000,0x00000000e1880000,0x00000000e2600000)
 ParOldGen       total 51712K, used 10136K [0x0000000081800000, 0x0000000084a80000, 0x00000000d5d80000)
  object space 51712K, 19% used [0x0000000081800000,0x00000000821e6268,0x0000000084a80000)
 Metaspace       used 33970K, capacity 35384K, committed 35496K, reserved 1079296K
  class space    used 4508K, capacity 4773K, committed 4864K, reserved 1048576K
Event: 5.430 GC heap after
Heap after GC invocations=9 (full 1):
 PSYoungGen      total 188928K, used 13799K [0x00000000d5d80000, 0x00000000e2900000, 0x0000000100000000)
  eden space 175104K, 0% used [0x00000000d5d80000,0x00000000d5d80000,0x00000000e0880000)
  from space 13824K, 99% used [0x00000000e1880000,0x00000000e25f9e90,0x00000000e2600000)
  to   space 16384K, 0% used [0x00000000e0880000,0x00000000e0880000,0x00000000e1880000)
 ParOldGen       total 51712K, used 11572K [0x0000000081800000, 0x0000000084a80000, 0x00000000d5d80000)
  object space 51712K, 22% used [0x0000000081800000,0x000000008234d100,0x0000000084a80000)
 Metaspace       used 33970K, capacity 35384K, committed 35496K, reserved 1079296K
  class space    used 4508K, capacity 4773K, committed 4864K, reserved 1048576K
}
Event: 5.430 GC heap before
{Heap before GC invocations=10 (full 2):
 PSYoungGen      total 188928K, used 13799K [0x00000000d5d80000, 0x00000000e2900000, 0x0000000100000000)
  eden space 175104K, 0% used [0x00000000d5d80000,0x00000000d5d80000,0x00000000e0880000)
  from space 13824K, 99% used [0x00000000e1880000,0x00000000e25f9e90,0x00000000e2600000)
  to   space 16384K, 0% used [0x00000000e0880000,0x00000000e0880000,0x00000000e1880000)
 ParOldGen       total 51712K, used 11572K [0x0000000081800000, 0x0000000084a80000, 0x00000000d5d80000)
  object space 51712K, 22% used [0x0000000081800000,0x000000008234d100,0x0000000084a80000)
 Metaspace       used 33970K, capacity 35384K, committed 35496K, reserved 1079296K
  class space    used 4508K, capacity 4773K, committed 4864K, reserved 1048576K
Event: 5.562 GC heap after
Heap after GC invocations=10 (full 2):
 PSYoungGen      total 188928K, used 0K [0x00000000d5d80000, 0x00000000e2900000, 0x0000000100000000)
  eden space 175104K, 0% used [0x00000000d5d80000,0x00000000d5d80000,0x00000000e0880000)
  from space 13824K, 0% used [0x00000000e1880000,0x00000000e1880000,0x00000000e2600000)
  to   space 16384K, 0% used [0x00000000e0880000,0x00000000e0880000,0x00000000e1880000)
 ParOldGen       total 91136K, used 22342K [0x0000000081800000, 0x0000000087100000, 0x00000000d5d80000)
  object space 91136K, 24% used [0x0000000081800000,0x0000000082dd1be0,0x0000000087100000)
 Metaspace       used 33970K, capacity 35384K, committed 35496K, reserved 1079296K
  class space    used 4508K, capacity 4773K, committed 4864K, reserved 1048576K
}
Event: 8.103 GC heap before
{Heap before GC invocations=11 (full 2):
 PSYoungGen      total 188928K, used 175104K [0x00000000d5d80000, 0x00000000e2900000, 0x0000000100000000)
  eden space 175104K, 100% used [0x00000000d5d80000,0x00000000e0880000,0x00000000e0880000)
  from space 13824K, 0% used [0x00000000e1880000,0x00000000e1880000,0x00000000e2600000)
  to   space 16384K, 0% used [0x00000000e0880000,0x00000000e0880000,0x00000000e1880000)
 ParOldGen       total 91136K, used 22342K [0x0000000081800000, 0x0000000087100000, 0x00000000d5d80000)
  object space 91136K, 24% used [0x0000000081800000,0x0000000082dd1be0,0x0000000087100000)
 Metaspace       used 48038K, capacity 50042K, committed 50304K, reserved 1093632K
  class space    used 6658K, capacity 7014K, committed 7040K, reserved 1048576K
Event: 8.192 GC heap after
Heap after GC invocations=11 (full 2):
 PSYoungGen      total 191488K, used 16378K [0x00000000d5d80000, 0x00000000e6400000, 0x0000000100000000)
  eden space 175104K, 0% used [0x00000000d5d80000,0x00000000d5d80000,0x00000000e0880000)
  from space 16384K, 99% used [0x00000000e0880000,0x00000000e187e970,0x00000000e1880000)
  to   space 18944K, 0% used [0x00000000e5180000,0x00000000e5180000,0x00000000e6400000)
 ParOldGen       total 91136K, used 22849K [0x0000000081800000, 0x0000000087100000, 0x00000000d5d80000)
  object space 91136K, 25% used [0x0000000081800000,0x0000000082e50490,0x0000000087100000)
 Metaspace       used 48038K, capacity 50042K, committed 50304K, reserved 1093632K
  class space    used 6658K, capacity 7014K, committed 7040K, reserved 1048576K
}
Event: 18.637 GC heap before
{Heap before GC invocations=12 (full 2):
 PSYoungGen      total 191488K, used 191482K [0x00000000d5d80000, 0x00000000e6400000, 0x0000000100000000)
  eden space 175104K, 100% used [0x00000000d5d80000,0x00000000e0880000,0x00000000e0880000)
  from space 16384K, 99% used [0x00000000e0880000,0x00000000e187e970,0x00000000e1880000)
  to   space 18944K, 0% used [0x00000000e5180000,0x00000000e5180000,0x00000000e6400000)
 ParOldGen       total 91136K, used 22849K [0x0000000081800000, 0x0000000087100000, 0x00000000d5d80000)
  object space 91136K, 25% used [0x0000000081800000,0x0000000082e50490,0x0000000087100000)
 Metaspace       used 52761K, capacity 55050K, committed 55424K, reserved 1097728K
  class space    used 7295K, capacity 7696K, committed 7808K, reserved 1048576K
Event: 18.655 GC heap after
Heap after GC invocations=12 (full 2):
 PSYoungGen      total 237568K, used 13771K [0x00000000d5d80000, 0x00000000e5f00000, 0x0000000100000000)
  eden space 223744K, 0% used [0x00000000d5d80000,0x00000000d5d80000,0x00000000e3800000)
  from space 13824K, 99% used [0x00000000e5180000,0x00000000e5ef2e48,0x00000000e5f00000)
  to   space 19456K, 0% used [0x00000000e3900000,0x00000000e3900000,0x00000000e4c00000)
 ParOldGen       total 91136K, used 22857K [0x0000000081800000, 0x0000000087100000, 0x00000000d5d80000)
  object space 91136K, 25% used [0x0000000081800000,0x0000000082e52490,0x0000000087100000)
 Metaspace       used 52761K, capacity 55050K, committed 55424K, reserved 1097728K
  class space    used 7295K, capacity 7696K, committed 7808K, reserved 1048576K
}

