# JRE version: Java(TM) SE Runtime Environment (8.0_25-b18) (build 1.8.0_25-b18)
# Java VM: Java HotSpot(TM) 64-Bit Server VM (25.25-b02 mixed mode windows-amd64 compressed oops)
Heap:
 PSYoungGen      total 148992K, used 110529K [0x00000000d5d80000, 0x00000000e2700000, 0x0000000100000000)
  eden space 133632K, 71% used [0x00000000d5d80000,0x00000000dbad5c88,0x00000000de000000)
  from space 15360K, 97% used [0x00000000de000000,0x00000000dee9a788,0x00000000def00000)
  to   space 17920K, 0% used [0x00000000e1580000,0x00000000e1580000,0x00000000e2700000)
 ParOldGen       total 122368K, used 24635K [0x0000000081800000, 0x0000000088f80000, 0x00000000d5d80000)
  object space 122368K, 20% used [0x0000000081800000,0x000000008300ee78,0x0000000088f80000)
 Metaspace       used 51194K, capacity 53570K, committed 53800K, reserved 1095680K
  class space    used 7170K, capacity 7594K, committed 7720K, reserved 1048576K
GC Heap History (10 events):
Event: 1.816 GC heap before
{Heap before GC invocations=5 (full 1):
 PSYoungGen      total 71680K, used 66560K [0x00000000d5d80000, 0x00000000de980000, 0x0000000100000000)
  eden space 66560K, 100% used [0x00000000d5d80000,0x00000000d9e80000,0x00000000d9e80000)
  from space 5120K, 0% used [0x00000000d9e80000,0x00000000d9e80000,0x00000000da380000)
  to   space 5120K, 0% used [0x00000000de480000,0x00000000de480000,0x00000000de980000)
 ParOldGen       total 63488K, used 7910K [0x0000000081800000, 0x0000000085600000, 0x00000000d5d80000)
  object space 63488K, 12% used [0x0000000081800000,0x0000000081fb9850,0x0000000085600000)
 Metaspace       used 22065K, capacity 22676K, committed 22912K, reserved 1069056K
  class space    used 2935K, capacity 3083K, committed 3200K, reserved 1048576K
Event: 1.821 GC heap after
Heap after GC invocations=5 (full 1):
 PSYoungGen      total 99840K, used 4388K [0x00000000d5d80000, 0x00000000de900000, 0x0000000100000000)
  eden space 95232K, 0% used [0x00000000d5d80000,0x00000000d5d80000,0x00000000dba80000)
  from space 4608K, 95% used [0x00000000de480000,0x00000000de8c9238,0x00000000de900000)
  to   space 5120K, 0% used [0x00000000ddf00000,0x00000000ddf00000,0x00000000de400000)
 ParOldGen       total 63488K, used 7918K [0x0000000081800000, 0x0000000085600000, 0x00000000d5d80000)
  object space 63488K, 12% used [0x0000000081800000,0x0000000081fbb850,0x0000000085600000)
 Metaspace       used 22065K, capacity 22676K, committed 22912K, reserved 1069056K
  class space    used 2935K, capacity 3083K, committed 3200K, reserved 1048576K
}
Event: 2.879 GC heap before
{Heap before GC invocations=6 (full 1):
 PSYoungGen      total 99840K, used 99620K [0x00000000d5d80000, 0x00000000de900000, 0x0000000100000000)
  eden space 95232K, 100% used [0x00000000d5d80000,0x00000000dba80000,0x00000000dba80000)
  from space 4608K, 95% used [0x00000000de480000,0x00000000de8c9238,0x00000000de900000)
  to   space 5120K, 0% used [0x00000000ddf00000,0x00000000ddf00000,0x00000000de400000)
 ParOldGen       total 63488K, used 7918K [0x0000000081800000, 0x0000000085600000, 0x00000000d5d80000)
  object space 63488K, 12% used [0x0000000081800000,0x0000000081fbb850,0x0000000085600000)
 Metaspace       used 29480K, capacity 30806K, committed 30976K, reserved 1075200K
  class space    used 3993K, capacity 4256K, committed 4352K, reserved 1048576K
Event: 2.891 GC heap after
Heap after GC invocations=6 (full 1):
 PSYoungGen      total 137728K, used 5115K [0x00000000d5d80000, 0x00000000dfe00000, 0x0000000100000000)
  eden space 132608K, 0% used [0x00000000d5d80000,0x00000000d5d80000,0x00000000ddf00000)
  from space 5120K, 99% used [0x00000000ddf00000,0x00000000de3fee80,0x00000000de400000)
  to   space 15360K, 0% used [0x00000000def00000,0x00000000def00000,0x00000000dfe00000)
 ParOldGen       total 63488K, used 18944K [0x0000000081800000, 0x0000000085600000, 0x00000000d5d80000)
  object space 63488K, 29% used [0x0000000081800000,0x0000000082a801c8,0x0000000085600000)
 Metaspace       used 29480K, capacity 30806K, committed 30976K, reserved 1075200K
  class space    used 3993K, capacity 4256K, committed 4352K, reserved 1048576K
}
Event: 3.561 GC heap before
{Heap before GC invocations=7 (full 1):
 PSYoungGen      total 137728K, used 71997K [0x00000000d5d80000, 0x00000000dfe00000, 0x0000000100000000)
  eden space 132608K, 50% used [0x00000000d5d80000,0x00000000d9ed0770,0x00000000ddf00000)
  from space 5120K, 99% used [0x00000000ddf00000,0x00000000de3fee80,0x00000000de400000)
  to   space 15360K, 0% used [0x00000000def00000,0x00000000def00000,0x00000000dfe00000)
 ParOldGen       total 63488K, used 18944K [0x0000000081800000, 0x0000000085600000, 0x00000000d5d80000)
  object space 63488K, 29% used [0x0000000081800000,0x0000000082a801c8,0x0000000085600000)
 Metaspace       used 33883K, capacity 35442K, committed 35496K, reserved 1079296K
  class space    used 4507K, capacity 4770K, committed 4776K, reserved 1048576K
Event: 3.572 GC heap after
Heap after GC invocations=7 (full 1):
 PSYoungGen      total 148992K, used 10083K [0x00000000d5d80000, 0x00000000e3000000, 0x0000000100000000)
  eden space 133632K, 0% used [0x00000000d5d80000,0x00000000d5d80000,0x00000000de000000)
  from space 15360K, 65% used [0x00000000def00000,0x00000000df8d8cf0,0x00000000dfe00000)
  to   space 15360K, 0% used [0x00000000de000000,0x00000000de000000,0x00000000def00000)
 ParOldGen       total 63488K, used 18952K [0x0000000081800000, 0x0000000085600000, 0x00000000d5d80000)
  object space 63488K, 29% used [0x0000000081800000,0x0000000082a821c8,0x0000000085600000)
 Metaspace       used 33883K, capacity 35442K, committed 35496K, reserved 1079296K
  class space    used 4507K, capacity 4770K, committed 4776K, reserved 1048576K
}
Event: 3.572 GC heap before
{Heap before GC invocations=8 (full 2):
 PSYoungGen      total 148992K, used 10083K [0x00000000d5d80000, 0x00000000e3000000, 0x0000000100000000)
  eden space 133632K, 0% used [0x00000000d5d80000,0x00000000d5d80000,0x00000000de000000)
  from space 15360K, 65% used [0x00000000def00000,0x00000000df8d8cf0,0x00000000dfe00000)
  to   space 15360K, 0% used [0x00000000de000000,0x00000000de000000,0x00000000def00000)
 ParOldGen       total 63488K, used 18952K [0x0000000081800000, 0x0000000085600000, 0x00000000d5d80000)
  object space 63488K, 29% used [0x0000000081800000,0x0000000082a821c8,0x0000000085600000)
 Metaspace       used 33883K, capacity 35442K, committed 35496K, reserved 1079296K
  class space    used 4507K, capacity 4770K, committed 4776K, reserved 1048576K
Event: 3.689 GC heap after
Heap after GC invocations=8 (full 2):
 PSYoungGen      total 148992K, used 0K [0x00000000d5d80000, 0x00000000e3000000, 0x0000000100000000)
  eden space 133632K, 0% used [0x00000000d5d80000,0x00000000d5d80000,0x00000000de000000)
  from space 15360K, 0% used [0x00000000def00000,0x00000000def00000,0x00000000dfe00000)
  to   space 15360K, 0% used [0x00000000de000000,0x00000000de000000,0x00000000def00000)
 ParOldGen       total 122368K, used 24627K [0x0000000081800000, 0x0000000088f80000, 0x00000000d5d80000)
  object space 122368K, 20% used [0x0000000081800000,0x000000008300ce78,0x0000000088f80000)
 Metaspace       used 33883K, capacity 35442K, committed 35496K, reserved 1079296K
  class space    used 4507K, capacity 4770K, committed 4776K, reserved 1048576K
}
Event: 5.345 GC heap before
{Heap before GC invocations=9 (full 2):
 PSYoungGen      total 148992K, used 133632K [0x00000000d5d80000, 0x00000000e3000000, 0x0000000100000000)
  eden space 133632K, 100% used [0x00000000d5d80000,0x00000000de000000,0x00000000de000000)
  from space 15360K, 0% used [0x00000000def00000,0x00000000def00000,0x00000000dfe00000)
  to   space 15360K, 0% used [0x00000000de000000,0x00000000de000000,0x00000000def00000)
 ParOldGen       total 122368K, used 24627K [0x0000000081800000, 0x0000000088f80000, 0x00000000d5d80000)
  object space 122368K, 20% used [0x0000000081800000,0x000000008300ce78,0x0000000088f80000)
 Metaspace       used 45575K, capacity 47278K, committed 47528K, reserved 1089536K
  class space    used 6399K, capacity 6722K, committed 6824K, reserved 1048576K
Event: 5.358 GC heap after
Heap after GC invocations=9 (full 2):
 PSYoungGen      total 148992K, used 14953K [0x00000000d5d80000, 0x00000000e2700000, 0x0000000100000000)
  eden space 133632K, 0% used [0x00000000d5d80000,0x00000000d5d80000,0x00000000de000000)
  from space 15360K, 97% used [0x00000000de000000,0x00000000dee9a788,0x00000000def00000)
  to   space 17920K, 0% used [0x00000000e1580000,0x00000000e1580000,0x00000000e2700000)
 ParOldGen       total 122368K, used 24635K [0x0000000081800000, 0x0000000088f80000, 0x00000000d5d80000)
  object space 122368K, 20% used [0x0000000081800000,0x000000008300ee78,0x0000000088f80000)
 Metaspace       used 45575K, capacity 47278K, committed 47528K, reserved 1089536K
  class space    used 6399K, capacity 6722K, committed 6824K, reserved 1048576K
}

