# JRE version: Java(TM) SE Runtime Environment (8.0_25-b18) (build 1.8.0_25-b18)
# Java VM: Java HotSpot(TM) 64-Bit Server VM (25.25-b02 mixed mode windows-amd64 compressed oops)
Heap:
 PSYoungGen      total 219648K, used 40200K [0x00000000d5d80000, 0x00000000e4b80000, 0x0000000100000000)
  eden space 200192K, 20% used [0x00000000d5d80000,0x00000000d84c22c0,0x00000000e2100000)
  from space 19456K, 0% used [0x00000000e3600000,0x00000000e3600000,0x00000000e4900000)
  to   space 21504K, 0% used [0x00000000e2100000,0x00000000e2100000,0x00000000e3600000)
 ParOldGen       total 139264K, used 33412K [0x0000000081800000, 0x000000008a000000, 0x00000000d5d80000)
  object space 139264K, 23% used [0x0000000081800000,0x00000000838a1068,0x000000008a000000)
 Metaspace       used 59097K, capacity 61904K, committed 62080K, reserved 1101824K
  class space    used 8322K, capacity 8805K, committed 8832K, reserved 1048576K
GC Heap History (10 events):
Event: 4.406 GC heap before
{Heap before GC invocations=9 (full 1):
 PSYoungGen      total 112128K, used 63792K [0x00000000d5d80000, 0x00000000e1700000, 0x0000000100000000)
  eden space 103424K, 53% used [0x00000000d5d80000,0x00000000d934e630,0x00000000dc280000)
  from space 8704K, 99% used [0x00000000dc280000,0x00000000dcafdd78,0x00000000dcb00000)
  to   space 14336K, 0% used [0x00000000e0900000,0x00000000e0900000,0x00000000e1700000)
 ParOldGen       total 55808K, used 17627K [0x0000000081800000, 0x0000000084e80000, 0x00000000d5d80000)
  object space 55808K, 31% used [0x0000000081800000,0x0000000082936e58,0x0000000084e80000)
 Metaspace       used 33923K, capacity 35428K, committed 35496K, reserved 1079296K
  class space    used 4551K, capacity 4843K, committed 4864K, reserved 1048576K
Event: 4.423 GC heap after
Heap after GC invocations=9 (full 1):
 PSYoungGen      total 174592K, used 12327K [0x00000000d5d80000, 0x00000000e1b00000, 0x0000000100000000)
  eden space 160256K, 0% used [0x00000000d5d80000,0x00000000d5d80000,0x00000000dfa00000)
  from space 14336K, 85% used [0x00000000e0900000,0x00000000e1509e50,0x00000000e1700000)
  to   space 15360K, 0% used [0x00000000dfa00000,0x00000000dfa00000,0x00000000e0900000)
 ParOldGen       total 55808K, used 17635K [0x0000000081800000, 0x0000000084e80000, 0x00000000d5d80000)
  object space 55808K, 31% used [0x0000000081800000,0x0000000082938e58,0x0000000084e80000)
 Metaspace       used 33923K, capacity 35428K, committed 35496K, reserved 1079296K
  class space    used 4551K, capacity 4843K, committed 4864K, reserved 1048576K
}
Event: 4.423 GC heap before
{Heap before GC invocations=10 (full 2):
 PSYoungGen      total 174592K, used 12327K [0x00000000d5d80000, 0x00000000e1b00000, 0x0000000100000000)
  eden space 160256K, 0% used [0x00000000d5d80000,0x00000000d5d80000,0x00000000dfa00000)
  from space 14336K, 85% used [0x00000000e0900000,0x00000000e1509e50,0x00000000e1700000)
  to   space 15360K, 0% used [0x00000000dfa00000,0x00000000dfa00000,0x00000000e0900000)
 ParOldGen       total 55808K, used 17635K [0x0000000081800000, 0x0000000084e80000, 0x00000000d5d80000)
  object space 55808K, 31% used [0x0000000081800000,0x0000000082938e58,0x0000000084e80000)
 Metaspace       used 33923K, capacity 35428K, committed 35496K, reserved 1079296K
  class space    used 4551K, capacity 4843K, committed 4864K, reserved 1048576K
Event: 4.530 GC heap after
Heap after GC invocations=10 (full 2):
 PSYoungGen      total 174592K, used 0K [0x00000000d5d80000, 0x00000000e1b00000, 0x0000000100000000)
  eden space 160256K, 0% used [0x00000000d5d80000,0x00000000d5d80000,0x00000000dfa00000)
  from space 14336K, 0% used [0x00000000e0900000,0x00000000e0900000,0x00000000e1700000)
  to   space 15360K, 0% used [0x00000000dfa00000,0x00000000dfa00000,0x00000000e0900000)
 ParOldGen       total 99840K, used 21065K [0x0000000081800000, 0x0000000087980000, 0x00000000d5d80000)
  object space 99840K, 21% used [0x0000000081800000,0x0000000082c92788,0x0000000087980000)
 Metaspace       used 33923K, capacity 35428K, committed 35496K, reserved 1079296K
  class space    used 4551K, capacity 4843K, committed 4864K, reserved 1048576K
}
Event: 8.693 GC heap before
{Heap before GC invocations=11 (full 2):
 PSYoungGen      total 174592K, used 160256K [0x00000000d5d80000, 0x00000000e1b00000, 0x0000000100000000)
  eden space 160256K, 100% used [0x00000000d5d80000,0x00000000dfa00000,0x00000000dfa00000)
  from space 14336K, 0% used [0x00000000e0900000,0x00000000e0900000,0x00000000e1700000)
  to   space 15360K, 0% used [0x00000000dfa00000,0x00000000dfa00000,0x00000000e0900000)
 ParOldGen       total 99840K, used 21065K [0x0000000081800000, 0x0000000087980000, 0x00000000d5d80000)
  object space 99840K, 21% used [0x0000000081800000,0x0000000082c92788,0x0000000087980000)
 Metaspace       used 50668K, capacity 53036K, committed 53248K, reserved 1095680K
  class space    used 7135K, capacity 7555K, committed 7680K, reserved 1048576K
Event: 8.715 GC heap after
Heap after GC invocations=11 (full 2):
 PSYoungGen      total 175616K, used 15353K [0x00000000d5d80000, 0x00000000e4900000, 0x0000000100000000)
  eden space 160256K, 0% used [0x00000000d5d80000,0x00000000d5d80000,0x00000000dfa00000)
  from space 15360K, 99% used [0x00000000dfa00000,0x00000000e08fe570,0x00000000e0900000)
  to   space 19456K, 0% used [0x00000000e3600000,0x00000000e3600000,0x00000000e4900000)
 ParOldGen       total 99840K, used 26281K [0x0000000081800000, 0x0000000087980000, 0x00000000d5d80000)
  object space 99840K, 26% used [0x0000000081800000,0x00000000831aa5c0,0x0000000087980000)
 Metaspace       used 50668K, capacity 53036K, committed 53248K, reserved 1095680K
  class space    used 7135K, capacity 7555K, committed 7680K, reserved 1048576K
}
Event: 10.109 GC heap before
{Heap before GC invocations=12 (full 2):
 PSYoungGen      total 175616K, used 140640K [0x00000000d5d80000, 0x00000000e4900000, 0x0000000100000000)
  eden space 160256K, 78% used [0x00000000d5d80000,0x00000000dd7d9b58,0x00000000dfa00000)
  from space 15360K, 99% used [0x00000000dfa00000,0x00000000e08fe570,0x00000000e0900000)
  to   space 19456K, 0% used [0x00000000e3600000,0x00000000e3600000,0x00000000e4900000)
 ParOldGen       total 99840K, used 26281K [0x0000000081800000, 0x0000000087980000, 0x00000000d5d80000)
  object space 99840K, 26% used [0x0000000081800000,0x00000000831aa5c0,0x0000000087980000)
 Metaspace       used 56361K, capacity 58990K, committed 59136K, reserved 1099776K
  class space    used 7937K, capacity 8372K, committed 8448K, reserved 1048576K
Event: 10.132 GC heap after
Heap after GC invocations=12 (full 2):
 PSYoungGen      total 219648K, used 17507K [0x00000000d5d80000, 0x00000000e4b80000, 0x0000000100000000)
  eden space 200192K, 0% used [0x00000000d5d80000,0x00000000d5d80000,0x00000000e2100000)
  from space 19456K, 89% used [0x00000000e3600000,0x00000000e4718e70,0x00000000e4900000)
  to   space 21504K, 0% used [0x00000000e2100000,0x00000000e2100000,0x00000000e3600000)
 ParOldGen       total 99840K, used 26289K [0x0000000081800000, 0x0000000087980000, 0x00000000d5d80000)
  object space 99840K, 26% used [0x0000000081800000,0x00000000831ac5c0,0x0000000087980000)
 Metaspace       used 56361K, capacity 58990K, committed 59136K, reserved 1099776K
  class space    used 7937K, capacity 8372K, committed 8448K, reserved 1048576K
}
Event: 10.132 GC heap before
{Heap before GC invocations=13 (full 3):
 PSYoungGen      total 219648K, used 17507K [0x00000000d5d80000, 0x00000000e4b80000, 0x0000000100000000)
  eden space 200192K, 0% used [0x00000000d5d80000,0x00000000d5d80000,0x00000000e2100000)
  from space 19456K, 89% used [0x00000000e3600000,0x00000000e4718e70,0x00000000e4900000)
  to   space 21504K, 0% used [0x00000000e2100000,0x00000000e2100000,0x00000000e3600000)
 ParOldGen       total 99840K, used 26289K [0x0000000081800000, 0x0000000087980000, 0x00000000d5d80000)
  object space 99840K, 26% used [0x0000000081800000,0x00000000831ac5c0,0x0000000087980000)
 Metaspace       used 56361K, capacity 58990K, committed 59136K, reserved 1099776K
  class space    used 7937K, capacity 8372K, committed 8448K, reserved 1048576K
Event: 10.330 GC heap after
Heap after GC invocations=13 (full 3):
 PSYoungGen      total 219648K, used 0K [0x00000000d5d80000, 0x00000000e4b80000, 0x0000000100000000)
  eden space 200192K, 0% used [0x00000000d5d80000,0x00000000d5d80000,0x00000000e2100000)
  from space 19456K, 0% used [0x00000000e3600000,0x00000000e3600000,0x00000000e4900000)
  to   space 21504K, 0% used [0x00000000e2100000,0x00000000e2100000,0x00000000e3600000)
 ParOldGen       total 139264K, used 33412K [0x0000000081800000, 0x000000008a000000, 0x00000000d5d80000)
  object space 139264K, 23% used [0x0000000081800000,0x00000000838a1068,0x000000008a000000)
 Metaspace       used 56361K, capacity 58990K, committed 59136K, reserved 1099776K
  class space    used 7937K, capacity 8372K, committed 8448K, reserved 1048576K
}

