# JRE version: Java(TM) SE Runtime Environment (8.0_25-b18) (build 1.8.0_25-b18)
# Java VM: Java HotSpot(TM) 64-Bit Server VM (25.25-b02 mixed mode windows-amd64 compressed oops)
Heap:
 PSYoungGen      total 222208K, used 56811K [0x00000000d5d80000, 0x00000000e4d00000, 0x0000000100000000)
  eden space 203264K, 27% used [0x00000000d5d80000,0x00000000d94fad08,0x00000000e2400000)
  from space 18944K, 0% used [0x00000000e3900000,0x00000000e3900000,0x00000000e4b80000)
  to   space 20992K, 0% used [0x00000000e2400000,0x00000000e2400000,0x00000000e3880000)
 ParOldGen       total 140288K, used 35977K [0x0000000081800000, 0x000000008a100000, 0x00000000d5d80000)
  object space 140288K, 25% used [0x0000000081800000,0x0000000083b22640,0x000000008a100000)
 Metaspace       used 58715K, capacity 61622K, committed 61824K, reserved 1101824K
  class space    used 8295K, capacity 8784K, committed 8832K, reserved 1048576K
GC Heap History (10 events):
Event: 3.968 GC heap before
{Heap before GC invocations=9 (full 1):
 PSYoungGen      total 113152K, used 67761K [0x00000000d5d80000, 0x00000000e1a00000, 0x0000000100000000)
  eden space 104448K, 56% used [0x00000000d5d80000,0x00000000d972f728,0x00000000dc380000)
  from space 8704K, 99% used [0x00000000dc380000,0x00000000dcbfd030,0x00000000dcc00000)
  to   space 14336K, 0% used [0x00000000e0c00000,0x00000000e0c00000,0x00000000e1a00000)
 ParOldGen       total 55296K, used 18461K [0x0000000081800000, 0x0000000084e00000, 0x00000000d5d80000)
  object space 55296K, 33% used [0x0000000081800000,0x0000000082a075d8,0x0000000084e00000)
 Metaspace       used 33925K, capacity 35466K, committed 35496K, reserved 1079296K
  class space    used 4577K, capacity 4852K, committed 4864K, reserved 1048576K
Event: 3.983 GC heap after
Heap after GC invocations=9 (full 1):
 PSYoungGen      total 177664K, used 12381K [0x00000000d5d80000, 0x00000000e1b00000, 0x0000000100000000)
  eden space 163328K, 0% used [0x00000000d5d80000,0x00000000d5d80000,0x00000000dfd00000)
  from space 14336K, 86% used [0x00000000e0c00000,0x00000000e1817540,0x00000000e1a00000)
  to   space 15360K, 0% used [0x00000000dfd00000,0x00000000dfd00000,0x00000000e0c00000)
 ParOldGen       total 55296K, used 18469K [0x0000000081800000, 0x0000000084e00000, 0x00000000d5d80000)
  object space 55296K, 33% used [0x0000000081800000,0x0000000082a095d8,0x0000000084e00000)
 Metaspace       used 33925K, capacity 35466K, committed 35496K, reserved 1079296K
  class space    used 4577K, capacity 4852K, committed 4864K, reserved 1048576K
}
Event: 3.983 GC heap before
{Heap before GC invocations=10 (full 2):
 PSYoungGen      total 177664K, used 12381K [0x00000000d5d80000, 0x00000000e1b00000, 0x0000000100000000)
  eden space 163328K, 0% used [0x00000000d5d80000,0x00000000d5d80000,0x00000000dfd00000)
  from space 14336K, 86% used [0x00000000e0c00000,0x00000000e1817540,0x00000000e1a00000)
  to   space 15360K, 0% used [0x00000000dfd00000,0x00000000dfd00000,0x00000000e0c00000)
 ParOldGen       total 55296K, used 18469K [0x0000000081800000, 0x0000000084e00000, 0x00000000d5d80000)
  object space 55296K, 33% used [0x0000000081800000,0x0000000082a095d8,0x0000000084e00000)
 Metaspace       used 33925K, capacity 35466K, committed 35496K, reserved 1079296K
  class space    used 4577K, capacity 4852K, committed 4864K, reserved 1048576K
Event: 4.080 GC heap after
Heap after GC invocations=10 (full 2):
 PSYoungGen      total 177664K, used 0K [0x00000000d5d80000, 0x00000000e1b00000, 0x0000000100000000)
  eden space 163328K, 0% used [0x00000000d5d80000,0x00000000d5d80000,0x00000000dfd00000)
  from space 14336K, 0% used [0x00000000e0c00000,0x00000000e0c00000,0x00000000e1a00000)
  to   space 15360K, 0% used [0x00000000dfd00000,0x00000000dfd00000,0x00000000e0c00000)
 ParOldGen       total 99328K, used 21289K [0x0000000081800000, 0x0000000087900000, 0x00000000d5d80000)
  object space 99328K, 21% used [0x0000000081800000,0x0000000082cca438,0x0000000087900000)
 Metaspace       used 33925K, capacity 35466K, committed 35496K, reserved 1079296K
  class space    used 4577K, capacity 4852K, committed 4864K, reserved 1048576K
}
Event: 8.160 GC heap before
{Heap before GC invocations=11 (full 2):
 PSYoungGen      total 177664K, used 163328K [0x00000000d5d80000, 0x00000000e1b00000, 0x0000000100000000)
  eden space 163328K, 100% used [0x00000000d5d80000,0x00000000dfd00000,0x00000000dfd00000)
  from space 14336K, 0% used [0x00000000e0c00000,0x00000000e0c00000,0x00000000e1a00000)
  to   space 15360K, 0% used [0x00000000dfd00000,0x00000000dfd00000,0x00000000e0c00000)
 ParOldGen       total 99328K, used 21289K [0x0000000081800000, 0x0000000087900000, 0x00000000d5d80000)
  object space 99328K, 21% used [0x0000000081800000,0x0000000082cca438,0x0000000087900000)
 Metaspace       used 49504K, capacity 51714K, committed 51968K, reserved 1093632K
  class space    used 7011K, capacity 7388K, committed 7424K, reserved 1048576K
Event: 8.180 GC heap after
Heap after GC invocations=11 (full 2):
 PSYoungGen      total 178688K, used 15357K [0x00000000d5d80000, 0x00000000e4b80000, 0x0000000100000000)
  eden space 163328K, 0% used [0x00000000d5d80000,0x00000000d5d80000,0x00000000dfd00000)
  from space 15360K, 99% used [0x00000000dfd00000,0x00000000e0bff768,0x00000000e0c00000)
  to   space 18944K, 0% used [0x00000000e3900000,0x00000000e3900000,0x00000000e4b80000)
 ParOldGen       total 99328K, used 25053K [0x0000000081800000, 0x0000000087900000, 0x00000000d5d80000)
  object space 99328K, 25% used [0x0000000081800000,0x0000000083077520,0x0000000087900000)
 Metaspace       used 49504K, capacity 51714K, committed 51968K, reserved 1093632K
  class space    used 7011K, capacity 7388K, committed 7424K, reserved 1048576K
}
Event: 9.663 GC heap before
{Heap before GC invocations=12 (full 2):
 PSYoungGen      total 178688K, used 146644K [0x00000000d5d80000, 0x00000000e4b80000, 0x0000000100000000)
  eden space 163328K, 80% used [0x00000000d5d80000,0x00000000dddb5b90,0x00000000dfd00000)
  from space 15360K, 99% used [0x00000000dfd00000,0x00000000e0bff768,0x00000000e0c00000)
  to   space 18944K, 0% used [0x00000000e3900000,0x00000000e3900000,0x00000000e4b80000)
 ParOldGen       total 99328K, used 25053K [0x0000000081800000, 0x0000000087900000, 0x00000000d5d80000)
  object space 99328K, 25% used [0x0000000081800000,0x0000000083077520,0x0000000087900000)
 Metaspace       used 56310K, capacity 59034K, committed 59136K, reserved 1099776K
  class space    used 7932K, capacity 8396K, committed 8448K, reserved 1048576K
Event: 9.684 GC heap after
Heap after GC invocations=12 (full 2):
 PSYoungGen      total 222208K, used 18653K [0x00000000d5d80000, 0x00000000e4d00000, 0x0000000100000000)
  eden space 203264K, 0% used [0x00000000d5d80000,0x00000000d5d80000,0x00000000e2400000)
  from space 18944K, 98% used [0x00000000e3900000,0x00000000e4b374b0,0x00000000e4b80000)
  to   space 20992K, 0% used [0x00000000e2400000,0x00000000e2400000,0x00000000e3880000)
 ParOldGen       total 99328K, used 25061K [0x0000000081800000, 0x0000000087900000, 0x00000000d5d80000)
  object space 99328K, 25% used [0x0000000081800000,0x0000000083079520,0x0000000087900000)
 Metaspace       used 56310K, capacity 59034K, committed 59136K, reserved 1099776K
  class space    used 7932K, capacity 8396K, committed 8448K, reserved 1048576K
}
Event: 9.684 GC heap before
{Heap before GC invocations=13 (full 3):
 PSYoungGen      total 222208K, used 18653K [0x00000000d5d80000, 0x00000000e4d00000, 0x0000000100000000)
  eden space 203264K, 0% used [0x00000000d5d80000,0x00000000d5d80000,0x00000000e2400000)
  from space 18944K, 98% used [0x00000000e3900000,0x00000000e4b374b0,0x00000000e4b80000)
  to   space 20992K, 0% used [0x00000000e2400000,0x00000000e2400000,0x00000000e3880000)
 ParOldGen       total 99328K, used 25061K [0x0000000081800000, 0x0000000087900000, 0x00000000d5d80000)
  object space 99328K, 25% used [0x0000000081800000,0x0000000083079520,0x0000000087900000)
 Metaspace       used 56310K, capacity 59034K, committed 59136K, reserved 1099776K
  class space    used 7932K, capacity 8396K, committed 8448K, reserved 1048576K
Event: 9.883 GC heap after
Heap after GC invocations=13 (full 3):
 PSYoungGen      total 222208K, used 0K [0x00000000d5d80000, 0x00000000e4d00000, 0x0000000100000000)
  eden space 203264K, 0% used [0x00000000d5d80000,0x00000000d5d80000,0x00000000e2400000)
  from space 18944K, 0% used [0x00000000e3900000,0x00000000e3900000,0x00000000e4b80000)
  to   space 20992K, 0% used [0x00000000e2400000,0x00000000e2400000,0x00000000e3880000)
 ParOldGen       total 140288K, used 35977K [0x0000000081800000, 0x000000008a100000, 0x00000000d5d80000)
  object space 140288K, 25% used [0x0000000081800000,0x0000000083b22640,0x000000008a100000)
 Metaspace       used 56310K, capacity 59034K, committed 59136K, reserved 1099776K
  class space    used 7932K, capacity 8396K, committed 8448K, reserved 1048576K
}

